

*******************************************************************************
Sun Jun 22 13:05:16 2025


FIT:    data read from 'bose.csv' using 1:2
        format = x:z
        #datapoints = 30
        residuals are weighted equally (unit weight)

function used for fitting: f(x)
	f(x) = a * x**3
fitted parameters initialized with current variable values

iter      chisq       delta/lim  lambda   a            
   0 1.8454930584e+14   0.00e+00  2.48e+06    1.000000e+00
   4 8.6216977465e+01  -2.75e-04  2.48e+02    6.300199e-08

After 4 iterations the fit converged.
final sum of squares of residuals : 86.217
rel. change during last iteration : -2.74801e-09

degrees of freedom    (FIT_NDF)                        : 29
rms of residuals      (FIT_STDFIT) = sqrt(WSSR/ndf)    : 1.72424
variance of residuals (reduced chisquare) = WSSR/ndf   : 2.973

Final set of parameters            Asymptotic Standard Error
=======================            ==========================
a               = 6.3002e-08       +/- 1.269e-07    (201.5%)
